RainForecast32/app/build/intermediates/manifest_merge_blame_file/debug/manifest-merger-blame-debug-report.txt
1<?xml version="1.0" encoding="utf-8"?>
2<manifest xmlns:android="http://schemas.android.com/apk/res/android"
3    package="com.kve.rainforecast3"
4    android:versionCode="1"
5    android:versionName="1.0" >
6
7    <uses-sdk
7-->src\main\AndroidManifest.xml:7:5-9:41
8        android:minSdkVersion="15"
8-->src\main\AndroidManifest.xml:8:9-35
9        android:targetSdkVersion="22" />
9-->src\main\AndroidManifest.xml:9:9-38
10
11    <uses-permission android:name="android.permission.ACCESS_COARSE_LOCATION" />
11-->src\main\AndroidManifest.xml:10:5-80
11-->src\main\AndroidManifest.xml:10:22-78
12    <uses-permission android:name="android.permission.ACCESS_FINE_LOCATION" />
12-->src\main\AndroidManifest.xml:11:5-78
12-->src\main\AndroidManifest.xml:11:22-76
13    <uses-permission android:name="android.permission.INTERNET" />
13-->src\main\AndroidManifest.xml:12:5-66
13-->src\main\AndroidManifest.xml:12:22-64
14
15    <application
15-->src\main\AndroidManifest.xml:14:5-74:20
16        android:allowBackup="true"
16-->src\main\AndroidManifest.xml:15:9-35
17        android:debuggable="true"
18        android:icon="@drawable/umbrella"
18-->src\main\AndroidManifest.xml:16:9-42
19        android:label="@string/app_name"
19-->src\main\AndroidManifest.xml:17:9-41
20        android:theme="@style/AppTheme" >
20-->src\main\AndroidManifest.xml:18:9-40
21        <activity
21-->src\main\AndroidManifest.xml:19:9-27:20
22            android:name="com.kve.rainforecast3.ForecastMainActivity"
22-->src\main\AndroidManifest.xml:20:13-49
23            android:label="@string/app_name" >
23-->src\main\AndroidManifest.xml:21:13-45
24            <intent-filter>
24-->src\main\AndroidManifest.xml:22:13-26:29
25                <action android:name="android.intent.action.MAIN" />
25-->src\main\AndroidManifest.xml:23:17-69
25-->src\main\AndroidManifest.xml:23:25-66
26
27                <category android:name="android.intent.category.LAUNCHER" />
27-->src\main\AndroidManifest.xml:25:17-77
27-->src\main\AndroidManifest.xml:25:27-74
28            </intent-filter>
29        </activity>
30        <activity
30-->src\main\AndroidManifest.xml:29:5-37:20
31            android:name="com.kve.rainforecast3.view.WeatherCurrent"
31-->src\main\AndroidManifest.xml:30:13-69
32            android:label="@string/app_name" >
32-->src\main\AndroidManifest.xml:31:13-45
33            <intent-filter>
33-->src\main\AndroidManifest.xml:32:13-36:29
34                <action android:name="com.kve.rainforecast3.WEATHERCURRENT" />
34-->src\main\AndroidManifest.xml:33:17-79
34-->src\main\AndroidManifest.xml:33:25-76
35
36                <category android:name="android.intent.category.DEFAULT" />
36-->src\main\AndroidManifest.xml:35:17-76
36-->src\main\AndroidManifest.xml:35:27-73
37            </intent-filter>
38        </activity>
39        <activity
39-->src\main\AndroidManifest.xml:38:7-46:20
40            android:name="com.kve.rainforecast3.view.WeatherDashboard"
40-->src\main\AndroidManifest.xml:39:13-71
41            android:label="@string/app_name" >
41-->src\main\AndroidManifest.xml:40:13-45
42            <intent-filter>
42-->src\main\AndroidManifest.xml:41:13-45:29
43                <action android:name="com.kve.rainforecast3.WEATHERDASHBOARD" />
43-->src\main\AndroidManifest.xml:42:17-81
43-->src\main\AndroidManifest.xml:42:25-78
44
45                <category android:name="android.intent.category.DEFAULT" />
45-->src\main\AndroidManifest.xml:35:17-76
45-->src\main\AndroidManifest.xml:35:27-73
46            </intent-filter>
47        </activity>
48        <activity
48-->src\main\AndroidManifest.xml:47:7-55:20
49            android:name="com.kve.rainforecast3.view.MinutelyPrecipChart"
49-->src\main\AndroidManifest.xml:48:13-74
50            android:label="@string/app_name" >
50-->src\main\AndroidManifest.xml:49:13-45
51            <intent-filter>
51-->src\main\AndroidManifest.xml:50:13-54:29
52                <action android:name="com.kve.rainforecast3.MINUTELYPRECIPCHART" />
52-->src\main\AndroidManifest.xml:51:17-84
52-->src\main\AndroidManifest.xml:51:25-81
53
54                <category android:name="android.intent.category.DEFAULT" />
54-->src\main\AndroidManifest.xml:35:17-76
54-->src\main\AndroidManifest.xml:35:27-73
55            </intent-filter>
56        </activity>
57        <activity
57-->src\main\AndroidManifest.xml:56:6-64:20
58            android:name="com.kve.rainforecast3.view.HourlyPrecipChart"
58-->src\main\AndroidManifest.xml:57:13-72
59            android:label="@string/app_name" >
59-->src\main\AndroidManifest.xml:58:13-45
60            <intent-filter>
60-->src\main\AndroidManifest.xml:59:13-63:29
61                <action android:name="com.kve.rainforecast3.HOURLYPRECIPCHART" />
61-->src\main\AndroidManifest.xml:60:17-82
61-->src\main\AndroidManifest.xml:60:25-79
62
63                <category android:name="android.intent.category.DEFAULT" />
63-->src\main\AndroidManifest.xml:35:17-76
63-->src\main\AndroidManifest.xml:35:27-73
64            </intent-filter>
65        </activity>
66        <activity
66-->src\main\AndroidManifest.xml:65:6-73:20
67            android:name="com.kve.rainforecast3.view.WeatherAlert"
67-->src\main\AndroidManifest.xml:66:13-67
68            android:label="@string/app_name" >
68-->src\main\AndroidManifest.xml:67:13-45
69            <intent-filter>
69-->src\main\AndroidManifest.xml:68:13-72:29
70                <action android:name="com.kve.rainforecast3.WEATHERALERT" />
70-->src\main\AndroidManifest.xml:69:17-77
70-->src\main\AndroidManifest.xml:69:25-74
71
72                <category android:name="android.intent.category.DEFAULT" />
72-->src\main\AndroidManifest.xml:35:17-76
72-->src\main\AndroidManifest.xml:35:27-73
73            </intent-filter>
74        </activity>
75    </application>
76
77</manifest>